<?xml version="1.0" encoding="UTF-8"?>
<!-- Generated by org.testng.reporters.JUnitReportReporter -->
<testsuite hostname="DESKTOP-HB6S9PF" failures="0" tests="1" name="com.utility.test1" time="10.699" errors="0" timestamp="2022-07-26T23:18:00 IST" skipped="0">
  <testcase classname="com.utility.test1" name="test01" time="10.699"/>
  <system-out/>
</testsuite> <!-- com.utility.test1 -->
