<?xml version="1.0" encoding="UTF-8"?>
<!-- Generated by org.testng.reporters.JUnitReportReporter -->
<testsuite hostname="DESKTOP-HB6S9PF" failures="0" tests="1" name="com.utility.test2" time="12.458" errors="0" timestamp="2022-07-26T23:27:07 IST" skipped="0">
  <testcase classname="com.utility.test2" name="test01" time="12.458"/>
  <system-out/>
</testsuite> <!-- com.utility.test2 -->
